<?xml version="1.0" encoding="UTF-8"?>
<testng-results ignored="0" total="1" passed="1" failed="0" skipped="0">
  <reporter-output>
  </reporter-output>
  <suite started-at="2023-10-18T12:18:13 BST" name="Suite" finished-at="2023-10-18T12:18:18 BST" duration-ms="4784">
    <groups>
    </groups>
    <test started-at="2023-10-18T12:18:13 BST" name="Test" finished-at="2023-10-18T12:18:18 BST" duration-ms="4784">
      <class name="com.lambdatest.TestNGTodo2">
        <test-method is-config="true" signature="setup(java.lang.reflect.Method,org.testng.ITestContext)[pri:0, instance:com.lambdatest.TestNGTodo2@73700b80]" started-at="2023-10-18T12:18:13 BST" name="setup" finished-at="2023-10-18T12:18:15 BST" duration-ms="1945" status="PASS">
          <params>
            <param index="0">
              <value>
                <![CDATA[public void com.lambdatest.TestNGTodo2.basicTest() throws java.lang.InterruptedException]]>
              </value>
            </param>
            <param index="1">
              <value>
                <![CDATA[org.testng.TestRunner@229c6181]]>
              </value>
            </param>
          </params>
          <reporter-output>
          </reporter-output>
        </test-method> <!-- setup -->
        <test-method signature="basicTest()[pri:0, instance:com.lambdatest.TestNGTodo2@73700b80]" started-at="2023-10-18T12:18:15 BST" name="basicTest" finished-at="2023-10-18T12:18:18 BST" duration-ms="2580" status="PASS">
          <reporter-output>
          </reporter-output>
        </test-method> <!-- basicTest -->
        <test-method is-config="true" signature="tearDown()[pri:0, instance:com.lambdatest.TestNGTodo2@73700b80]" started-at="2023-10-18T12:18:18 BST" name="tearDown" finished-at="2023-10-18T12:18:18 BST" duration-ms="220" status="PASS">
          <reporter-output>
          </reporter-output>
        </test-method> <!-- tearDown -->
      </class> <!-- com.lambdatest.TestNGTodo2 -->
    </test> <!-- Test -->
  </suite> <!-- Suite -->
</testng-results>
