<?xml version="1.0" encoding="UTF-8"?>
<testng-results ignored="0" total="1" passed="1" failed="0" skipped="0">
  <reporter-output>
  </reporter-output>
  <suite started-at="2023-10-18T15:09:52 BST" name="Default suite" finished-at="2023-10-18T15:10:04 BST" duration-ms="11712">
    <groups>
    </groups>
    <test started-at="2023-10-18T15:09:52 BST" name="Default test" finished-at="2023-10-18T15:10:04 BST" duration-ms="11712">
      <class name="com.lambdatest.TestNGTodo2">
        <test-method is-config="true" signature="setup(java.lang.reflect.Method,org.testng.ITestContext)[pri:0, instance:com.lambdatest.TestNGTodo2@20f5239f]" started-at="2023-10-18T15:09:52 BST" name="setup" finished-at="2023-10-18T15:09:58 BST" duration-ms="5365" status="PASS">
          <params>
            <param index="0">
              <value>
                <![CDATA[public void com.lambdatest.TestNGTodo2.basicTest() throws java.lang.InterruptedException]]>
              </value>
            </param>
            <param index="1">
              <value>
                <![CDATA[org.testng.TestRunner@69cd1085]]>
              </value>
            </param>
          </params>
          <reporter-output>
          </reporter-output>
        </test-method> <!-- setup -->
        <test-method signature="basicTest()[pri:0, instance:com.lambdatest.TestNGTodo2@20f5239f]" started-at="2023-10-18T15:09:58 BST" name="basicTest" finished-at="2023-10-18T15:10:04 BST" duration-ms="6021" status="PASS">
          <reporter-output>
          </reporter-output>
        </test-method> <!-- basicTest -->
        <test-method is-config="true" signature="tearDown()[pri:0, instance:com.lambdatest.TestNGTodo2@20f5239f]" started-at="2023-10-18T15:10:04 BST" name="tearDown" finished-at="2023-10-18T15:10:04 BST" duration-ms="281" status="PASS">
          <reporter-output>
          </reporter-output>
        </test-method> <!-- tearDown -->
      </class> <!-- com.lambdatest.TestNGTodo2 -->
    </test> <!-- Default test -->
  </suite> <!-- Default suite -->
</testng-results>
